1717395210.691566 client started (5620): version 3.2a, socket /tmp/tmux-1000/default, protocol 8
1717395210.691599 on Linux 6.5.0-35-generic #35~22.04.1-Ubuntu SMP PREEMPT_DYNAMIC Tue May  7 09:00:52 UTC 2
1717395210.691605 using libevent 2.1.12-stable (poll); ncurses 6.3
1717395210.691626 flags are 0x18010000
1717395210.691631 socket is /tmp/tmux-1000/default
1717395210.691645 trying connect
1717395210.691739 add peer 0x5f67113a7860: 6 ((nil))
1717395210.692082 sending message 100 to peer 0x5f67113a7860 (4 bytes)
1717395210.692113 sending message 111 to peer 0x5f67113a7860 (8 bytes)
1717395210.692121 sending message 101 to peer 0x5f67113a7860 (15 bytes)
1717395210.692125 sending message 109 to peer 0x5f67113a7860 (4 bytes)
1717395210.692130 sending message 102 to peer 0x5f67113a7860 (11 bytes)
1717395210.692134 sending message 108 to peer 0x5f67113a7860 (37 bytes)
1717395210.692139 sending message 112 to peer 0x5f67113a7860 (58 bytes)
1717395210.692144 sending message 112 to peer 0x5f67113a7860 (5 bytes)
1717395210.692148 sending message 112 to peer 0x5f67113a7860 (5 bytes)
1717395210.692153 sending message 112 to peer 0x5f67113a7860 (6 bytes)
1717395210.692157 sending message 112 to peer 0x5f67113a7860 (6 bytes)
1717395210.692162 sending message 112 to peer 0x5f67113a7860 (11 bytes)
1717395210.692166 sending message 112 to peer 0x5f67113a7860 (10 bytes)
1717395210.692171 sending message 112 to peer 0x5f67113a7860 (13 bytes)
1717395210.692175 sending message 112 to peer 0x5f67113a7860 (14 bytes)
1717395210.692180 sending message 112 to peer 0x5f67113a7860 (19 bytes)
1717395210.692184 sending message 112 to peer 0x5f67113a7860 (11 bytes)
1717395210.692188 sending message 112 to peer 0x5f67113a7860 (10 bytes)
1717395210.692193 sending message 112 to peer 0x5f67113a7860 (15 bytes)
1717395210.692197 sending message 112 to peer 0x5f67113a7860 (21 bytes)
1717395210.692202 sending message 112 to peer 0x5f67113a7860 (13 bytes)
1717395210.692206 sending message 112 to peer 0x5f67113a7860 (7 bytes)
1717395210.692211 sending message 112 to peer 0x5f67113a7860 (13 bytes)
1717395210.692215 sending message 112 to peer 0x5f67113a7860 (7 bytes)
1717395210.692220 sending message 112 to peer 0x5f67113a7860 (13 bytes)
1717395210.692225 sending message 112 to peer 0x5f67113a7860 (9 bytes)
1717395210.692229 sending message 112 to peer 0x5f67113a7860 (21 bytes)
1717395210.692233 sending message 112 to peer 0x5f67113a7860 (13 bytes)
1717395210.692238 sending message 112 to peer 0x5f67113a7860 (9 bytes)
1717395210.692242 sending message 112 to peer 0x5f67113a7860 (16 bytes)
1717395210.692247 sending message 112 to peer 0x5f67113a7860 (13 bytes)
1717395210.692251 sending message 112 to peer 0x5f67113a7860 (9 bytes)
1717395210.692256 sending message 112 to peer 0x5f67113a7860 (9 bytes)
1717395210.692260 sending message 112 to peer 0x5f67113a7860 (12 bytes)
1717395210.692265 sending message 112 to peer 0x5f67113a7860 (8 bytes)
1717395210.692269 sending message 112 to peer 0x5f67113a7860 (8 bytes)
1717395210.692273 sending message 112 to peer 0x5f67113a7860 (13 bytes)
1717395210.692278 sending message 112 to peer 0x5f67113a7860 (7 bytes)
1717395210.692282 sending message 112 to peer 0x5f67113a7860 (7 bytes)
1717395210.692287 sending message 112 to peer 0x5f67113a7860 (9 bytes)
1717395210.692291 sending message 112 to peer 0x5f67113a7860 (9 bytes)
1717395210.692296 sending message 112 to peer 0x5f67113a7860 (15 bytes)
1717395210.692300 sending message 112 to peer 0x5f67113a7860 (13 bytes)
1717395210.692304 sending message 112 to peer 0x5f67113a7860 (12 bytes)
1717395210.692309 sending message 112 to peer 0x5f67113a7860 (8 bytes)
1717395210.692314 sending message 112 to peer 0x5f67113a7860 (14 bytes)
1717395210.692318 sending message 112 to peer 0x5f67113a7860 (11 bytes)
1717395210.692323 sending message 112 to peer 0x5f67113a7860 (9 bytes)
1717395210.692327 sending message 112 to peer 0x5f67113a7860 (10 bytes)
1717395210.692332 sending message 112 to peer 0x5f67113a7860 (10 bytes)
1717395210.692336 sending message 112 to peer 0x5f67113a7860 (10 bytes)
1717395210.692350 sending message 112 to peer 0x5f67113a7860 (10 bytes)
1717395210.692355 sending message 112 to peer 0x5f67113a7860 (11 bytes)
1717395210.692360 sending message 112 to peer 0x5f67113a7860 (12 bytes)
1717395210.692364 sending message 112 to peer 0x5f67113a7860 (12 bytes)
1717395210.692368 sending message 112 to peer 0x5f67113a7860 (12 bytes)
1717395210.692373 sending message 112 to peer 0x5f67113a7860 (12 bytes)
1717395210.692378 sending message 112 to peer 0x5f67113a7860 (12 bytes)
1717395210.692382 sending message 112 to peer 0x5f67113a7860 (11 bytes)
1717395210.692387 sending message 112 to peer 0x5f67113a7860 (11 bytes)
1717395210.692391 sending message 112 to peer 0x5f67113a7860 (12 bytes)
1717395210.692396 sending message 112 to peer 0x5f67113a7860 (12 bytes)
1717395210.692400 sending message 112 to peer 0x5f67113a7860 (12 bytes)
1717395210.692404 sending message 112 to peer 0x5f67113a7860 (12 bytes)
1717395210.692409 sending message 112 to peer 0x5f67113a7860 (12 bytes)
1717395210.692413 sending message 112 to peer 0x5f67113a7860 (9 bytes)
1717395210.692418 sending message 112 to peer 0x5f67113a7860 (12 bytes)
1717395210.692422 sending message 112 to peer 0x5f67113a7860 (13 bytes)
1717395210.692427 sending message 112 to peer 0x5f67113a7860 (13 bytes)
1717395210.692431 sending message 112 to peer 0x5f67113a7860 (13 bytes)
1717395210.692436 sending message 112 to peer 0x5f67113a7860 (13 bytes)
1717395210.692440 sending message 112 to peer 0x5f67113a7860 (13 bytes)
1717395210.692445 sending message 112 to peer 0x5f67113a7860 (8 bytes)
1717395210.692450 sending message 112 to peer 0x5f67113a7860 (11 bytes)
1717395210.692454 sending message 112 to peer 0x5f67113a7860 (11 bytes)
1717395210.692458 sending message 112 to peer 0x5f67113a7860 (11 bytes)
1717395210.692463 sending message 112 to peer 0x5f67113a7860 (12 bytes)
1717395210.692467 sending message 112 to peer 0x5f67113a7860 (12 bytes)
1717395210.692472 sending message 112 to peer 0x5f67113a7860 (12 bytes)
1717395210.692476 sending message 112 to peer 0x5f67113a7860 (12 bytes)
1717395210.692481 sending message 112 to peer 0x5f67113a7860 (13 bytes)
1717395210.692485 sending message 112 to peer 0x5f67113a7860 (13 bytes)
1717395210.692489 sending message 112 to peer 0x5f67113a7860 (13 bytes)
1717395210.692494 sending message 112 to peer 0x5f67113a7860 (8 bytes)
1717395210.692498 sending message 112 to peer 0x5f67113a7860 (13 bytes)
1717395210.692503 sending message 112 to peer 0x5f67113a7860 (13 bytes)
1717395210.692508 sending message 112 to peer 0x5f67113a7860 (13 bytes)
1717395210.692582 sending message 112 to peer 0x5f67113a7860 (13 bytes)
1717395210.692597 sending message 112 to peer 0x5f67113a7860 (13 bytes)
1717395210.692607 sending message 112 to peer 0x5f67113a7860 (12 bytes)
1717395210.692618 sending message 112 to peer 0x5f67113a7860 (12 bytes)
1717395210.692628 sending message 112 to peer 0x5f67113a7860 (12 bytes)
1717395210.692633 sending message 112 to peer 0x5f67113a7860 (12 bytes)
1717395210.692637 sending message 112 to peer 0x5f67113a7860 (13 bytes)
1717395210.692642 sending message 112 to peer 0x5f67113a7860 (8 bytes)
1717395210.692646 sending message 112 to peer 0x5f67113a7860 (13 bytes)
1717395210.692651 sending message 112 to peer 0x5f67113a7860 (13 bytes)
1717395210.692655 sending message 112 to peer 0x5f67113a7860 (13 bytes)
1717395210.692660 sending message 112 to peer 0x5f67113a7860 (13 bytes)
1717395210.692664 sending message 112 to peer 0x5f67113a7860 (13 bytes)
1717395210.692669 sending message 112 to peer 0x5f67113a7860 (13 bytes)
1717395210.692673 sending message 112 to peer 0x5f67113a7860 (13 bytes)
1717395210.692677 sending message 112 to peer 0x5f67113a7860 (12 bytes)
1717395210.692682 sending message 112 to peer 0x5f67113a7860 (12 bytes)
1717395210.692687 sending message 112 to peer 0x5f67113a7860 (12 bytes)
1717395210.692691 sending message 112 to peer 0x5f67113a7860 (8 bytes)
1717395210.692696 sending message 112 to peer 0x5f67113a7860 (12 bytes)
1717395210.692700 sending message 112 to peer 0x5f67113a7860 (13 bytes)
1717395210.692712 sending message 112 to peer 0x5f67113a7860 (13 bytes)
1717395210.692717 sending message 112 to peer 0x5f67113a7860 (13 bytes)
1717395210.692721 sending message 112 to peer 0x5f67113a7860 (13 bytes)
1717395210.692726 sending message 112 to peer 0x5f67113a7860 (13 bytes)
1717395210.692730 sending message 112 to peer 0x5f67113a7860 (13 bytes)
1717395210.692735 sending message 112 to peer 0x5f67113a7860 (13 bytes)
1717395210.692739 sending message 112 to peer 0x5f67113a7860 (13 bytes)
1717395210.692744 sending message 112 to peer 0x5f67113a7860 (12 bytes)
1717395210.692748 sending message 112 to peer 0x5f67113a7860 (10 bytes)
1717395210.692752 sending message 112 to peer 0x5f67113a7860 (12 bytes)
1717395210.692757 sending message 112 to peer 0x5f67113a7860 (12 bytes)
1717395210.692761 sending message 112 to peer 0x5f67113a7860 (12 bytes)
1717395210.692766 sending message 112 to peer 0x5f67113a7860 (13 bytes)
1717395210.692770 sending message 112 to peer 0x5f67113a7860 (13 bytes)
1717395210.692775 sending message 112 to peer 0x5f67113a7860 (13 bytes)
1717395210.692779 sending message 112 to peer 0x5f67113a7860 (13 bytes)
1717395210.692784 sending message 112 to peer 0x5f67113a7860 (13 bytes)
1717395210.692788 sending message 112 to peer 0x5f67113a7860 (13 bytes)
1717395210.692792 sending message 112 to peer 0x5f67113a7860 (13 bytes)
1717395210.692797 sending message 112 to peer 0x5f67113a7860 (10 bytes)
1717395210.692802 sending message 112 to peer 0x5f67113a7860 (13 bytes)
1717395210.692806 sending message 112 to peer 0x5f67113a7860 (12 bytes)
1717395210.692811 sending message 112 to peer 0x5f67113a7860 (12 bytes)
1717395210.692815 sending message 112 to peer 0x5f67113a7860 (12 bytes)
1717395210.692819 sending message 112 to peer 0x5f67113a7860 (10 bytes)
1717395210.692824 sending message 112 to peer 0x5f67113a7860 (10 bytes)
1717395210.692828 sending message 112 to peer 0x5f67113a7860 (10 bytes)
1717395210.692833 sending message 112 to peer 0x5f67113a7860 (12 bytes)
1717395210.692837 sending message 112 to peer 0x5f67113a7860 (13 bytes)
1717395210.692841 sending message 112 to peer 0x5f67113a7860 (13 bytes)
1717395210.692846 sending message 112 to peer 0x5f67113a7860 (13 bytes)
1717395210.692850 sending message 112 to peer 0x5f67113a7860 (13 bytes)
1717395210.692855 sending message 112 to peer 0x5f67113a7860 (13 bytes)
1717395210.692859 sending message 112 to peer 0x5f67113a7860 (10 bytes)
1717395210.692863 sending message 112 to peer 0x5f67113a7860 (11 bytes)
1717395210.692868 sending message 112 to peer 0x5f67113a7860 (12 bytes)
1717395210.692872 sending message 112 to peer 0x5f67113a7860 (12 bytes)
1717395210.692877 sending message 112 to peer 0x5f67113a7860 (12 bytes)
1717395210.692881 sending message 112 to peer 0x5f67113a7860 (12 bytes)
1717395210.692886 sending message 112 to peer 0x5f67113a7860 (12 bytes)
1717395210.692890 sending message 112 to peer 0x5f67113a7860 (11 bytes)
1717395210.692894 sending message 112 to peer 0x5f67113a7860 (12 bytes)
1717395210.692899 sending message 112 to peer 0x5f67113a7860 (12 bytes)
1717395210.692903 sending message 112 to peer 0x5f67113a7860 (13 bytes)
1717395210.692908 sending message 112 to peer 0x5f67113a7860 (13 bytes)
1717395210.692912 sending message 112 to peer 0x5f67113a7860 (13 bytes)
1717395210.692917 sending message 112 to peer 0x5f67113a7860 (13 bytes)
1717395210.692921 sending message 112 to peer 0x5f67113a7860 (13 bytes)
1717395210.692925 sending message 112 to peer 0x5f67113a7860 (10 bytes)
1717395210.692930 sending message 112 to peer 0x5f67113a7860 (9 bytes)
1717395210.692934 sending message 112 to peer 0x5f67113a7860 (12 bytes)
1717395210.692939 sending message 112 to peer 0x5f67113a7860 (13 bytes)
1717395210.692943 sending message 112 to peer 0x5f67113a7860 (13 bytes)
1717395210.692948 sending message 112 to peer 0x5f67113a7860 (13 bytes)
1717395210.692952 sending message 112 to peer 0x5f67113a7860 (13 bytes)
1717395210.692957 sending message 112 to peer 0x5f67113a7860 (13 bytes)
1717395210.692961 sending message 112 to peer 0x5f67113a7860 (9 bytes)
1717395210.692970 sending message 112 to peer 0x5f67113a7860 (12 bytes)
1717395210.692975 sending message 112 to peer 0x5f67113a7860 (13 bytes)
1717395210.692979 sending message 112 to peer 0x5f67113a7860 (13 bytes)
1717395210.692984 sending message 112 to peer 0x5f67113a7860 (13 bytes)
1717395210.692989 sending message 112 to peer 0x5f67113a7860 (13 bytes)
1717395210.692993 sending message 112 to peer 0x5f67113a7860 (13 bytes)
1717395210.692997 sending message 112 to peer 0x5f67113a7860 (11 bytes)
1717395210.693002 sending message 112 to peer 0x5f67113a7860 (12 bytes)
1717395210.693023 sending message 112 to peer 0x5f67113a7860 (13 bytes)
1717395210.693045 sending message 112 to peer 0x5f67113a7860 (13 bytes)
1717395210.693061 sending message 112 to peer 0x5f67113a7860 (13 bytes)
1717395210.693070 sending message 112 to peer 0x5f67113a7860 (13 bytes)
1717395210.693078 sending message 112 to peer 0x5f67113a7860 (13 bytes)
1717395210.693086 sending message 112 to peer 0x5f67113a7860 (11 bytes)
1717395210.693095 sending message 112 to peer 0x5f67113a7860 (12 bytes)
1717395210.693103 sending message 112 to peer 0x5f67113a7860 (12 bytes)
1717395210.693111 sending message 112 to peer 0x5f67113a7860 (12 bytes)
1717395210.693123 sending message 112 to peer 0x5f67113a7860 (12 bytes)
1717395210.693132 sending message 112 to peer 0x5f67113a7860 (12 bytes)
1717395210.693137 sending message 112 to peer 0x5f67113a7860 (21 bytes)
1717395210.693141 sending message 112 to peer 0x5f67113a7860 (12 bytes)
1717395210.693145 sending message 112 to peer 0x5f67113a7860 (9 bytes)
1717395210.693150 sending message 112 to peer 0x5f67113a7860 (6 bytes)
1717395210.693154 sending message 112 to peer 0x5f67113a7860 (13 bytes)
1717395210.693159 sending message 112 to peer 0x5f67113a7860 (10 bytes)
1717395210.693163 sending message 112 to peer 0x5f67113a7860 (24 bytes)
1717395210.693172 sending message 112 to peer 0x5f67113a7860 (13 bytes)
1717395210.693176 sending message 112 to peer 0x5f67113a7860 (9 bytes)
1717395210.693181 sending message 112 to peer 0x5f67113a7860 (70 bytes)
1717395210.693185 sending message 112 to peer 0x5f67113a7860 (69 bytes)
1717395210.693190 sending message 112 to peer 0x5f67113a7860 (12 bytes)
1717395210.693194 sending message 112 to peer 0x5f67113a7860 (10 bytes)
1717395210.693198 sending message 112 to peer 0x5f67113a7860 (10 bytes)
1717395210.693203 sending message 112 to peer 0x5f67113a7860 (24 bytes)
1717395210.693207 sending message 112 to peer 0x5f67113a7860 (13 bytes)
1717395210.693211 sending message 112 to peer 0x5f67113a7860 (10 bytes)
1717395210.693216 sending message 112 to peer 0x5f67113a7860 (10 bytes)
1717395210.693220 sending message 112 to peer 0x5f67113a7860 (10 bytes)
1717395210.693224 sending message 112 to peer 0x5f67113a7860 (13 bytes)
1717395210.693228 sending message 112 to peer 0x5f67113a7860 (15 bytes)
1717395210.693233 sending message 112 to peer 0x5f67113a7860 (5 bytes)
1717395210.693238 sending message 104 to peer 0x5f67113a7860 (0 bytes)
1717395210.693246 sending message 110 to peer 0x5f67113a7860 (0 bytes)
1717395210.693252 sending message 107 to peer 0x5f67113a7860 (4 bytes)
1717395210.693257 sending message 105 to peer 0x5f67113a7860 (16 bytes)
1717395210.693261 sending message 105 to peer 0x5f67113a7860 (20 bytes)
1717395210.693266 sending message 105 to peer 0x5f67113a7860 (28 bytes)
1717395210.693270 sending message 105 to peer 0x5f67113a7860 (23 bytes)
1717395210.693274 sending message 105 to peer 0x5f67113a7860 (20 bytes)
1717395210.693279 sending message 105 to peer 0x5f67113a7860 (24 bytes)
1717395210.693283 sending message 105 to peer 0x5f67113a7860 (41 bytes)
1717395210.693287 sending message 105 to peer 0x5f67113a7860 (12 bytes)
1717395210.693292 sending message 105 to peer 0x5f67113a7860 (21 bytes)
1717395210.693296 sending message 105 to peer 0x5f67113a7860 (121 bytes)
1717395210.693300 sending message 105 to peer 0x5f67113a7860 (15 bytes)
1717395210.693305 sending message 105 to peer 0x5f67113a7860 (15 bytes)
1717395210.693309 sending message 105 to peer 0x5f67113a7860 (21 bytes)
1717395210.693322 sending message 105 to peer 0x5f67113a7860 (17 bytes)
1717395210.693327 sending message 105 to peer 0x5f67113a7860 (1519 bytes)
1717395210.693346 sending message 105 to peer 0x5f67113a7860 (32 bytes)
1717395210.693352 sending message 105 to peer 0x5f67113a7860 (135 bytes)
1717395210.693356 sending message 105 to peer 0x5f67113a7860 (52 bytes)
1717395210.693361 sending message 105 to peer 0x5f67113a7860 (31 bytes)
1717395210.693365 sending message 105 to peer 0x5f67113a7860 (34 bytes)
1717395210.693370 sending message 105 to peer 0x5f67113a7860 (23 bytes)
1717395210.693374 sending message 105 to peer 0x5f67113a7860 (20 bytes)
1717395210.693378 sending message 105 to peer 0x5f67113a7860 (30 bytes)
1717395210.693383 sending message 105 to peer 0x5f67113a7860 (32 bytes)
1717395210.693387 sending message 105 to peer 0x5f67113a7860 (9 bytes)
1717395210.693392 sending message 105 to peer 0x5f67113a7860 (64 bytes)
1717395210.693396 sending message 105 to peer 0x5f67113a7860 (8 bytes)
1717395210.693401 sending message 105 to peer 0x5f67113a7860 (25 bytes)
1717395210.693405 sending message 105 to peer 0x5f67113a7860 (27 bytes)
1717395210.693409 sending message 105 to peer 0x5f67113a7860 (17 bytes)
1717395210.693414 sending message 105 to peer 0x5f67113a7860 (31 bytes)
1717395210.693418 sending message 105 to peer 0x5f67113a7860 (53 bytes)
1717395210.693423 sending message 105 to peer 0x5f67113a7860 (33 bytes)
1717395210.693427 sending message 105 to peer 0x5f67113a7860 (20 bytes)
1717395210.693431 sending message 105 to peer 0x5f67113a7860 (152 bytes)
1717395210.693436 sending message 105 to peer 0x5f67113a7860 (82 bytes)
1717395210.693441 sending message 105 to peer 0x5f67113a7860 (123 bytes)
1717395210.693445 sending message 105 to peer 0x5f67113a7860 (309 bytes)
1717395210.693450 sending message 105 to peer 0x5f67113a7860 (54 bytes)
1717395210.693454 sending message 105 to peer 0x5f67113a7860 (23 bytes)
1717395210.693459 sending message 105 to peer 0x5f67113a7860 (41 bytes)
1717395210.693463 sending message 105 to peer 0x5f67113a7860 (20 bytes)
1717395210.693468 sending message 105 to peer 0x5f67113a7860 (88 bytes)
1717395210.693472 sending message 105 to peer 0x5f67113a7860 (16 bytes)
1717395210.693477 sending message 106 to peer 0x5f67113a7860 (0 bytes)
1717395210.693485 sending message 200 to peer 0x5f67113a7860 (4 bytes)
1717395210.693490 client loop enter
1717395210.697217 peer 0x5f67113a7860 message 207
1717395210.697268 sending message 208 to peer 0x5f67113a7860 (0 bytes)
1717395223.422180 peer 0x5f67113a7860 message 203
1717395223.422224 sending message 205 to peer 0x5f67113a7860 (0 bytes)
1717395223.422745 peer 0x5f67113a7860 message 204
1717395223.422777 client loop exit
